12:53:28.843 INFO  [main][QuizApplication.logStarting(StartupInfoLogger.java:55)] Starting QuizApplication using Java 17.0.2 on DESKTOP-B238E7G with PID 14068 (D:\java_pro\quiz\bin\main started by user in D:\java_pro\quiz)
12:53:28.854 INFO  [main][QuizApplication.logStartupProfileInfo(SpringApplication.java:631)] No active profile set, falling back to 1 default profile: "default"
12:53:29.988 INFO  [main][RepositoryConfigurationDelegate.registerRepositoriesIn(RepositoryConfigurationDelegate.java:132)] Bootstrapping Spring Data JPA repositories in DEFAULT mode.
12:53:30.109 INFO  [main][RepositoryConfigurationDelegate.registerRepositoriesIn(RepositoryConfigurationDelegate.java:201)] Finished Spring Data repository scanning in 99 ms. Found 4 JPA repository interfaces.
12:53:31.075 INFO  [main][TomcatWebServer.initialize(TomcatWebServer.java:108)] Tomcat initialized with port(s): 8080 (http)
12:53:31.086 INFO  [main][Http11NioProtocol.log(DirectJDKLog.java:173)] Initializing ProtocolHandler ["http-nio-8080"]
12:53:31.089 INFO  [main][StandardService.log(DirectJDKLog.java:173)] Starting service [Tomcat]
12:53:31.089 INFO  [main][StandardEngine.log(DirectJDKLog.java:173)] Starting Servlet engine: [Apache Tomcat/9.0.80]
12:53:31.309 INFO  [main][[/].log(DirectJDKLog.java:173)] Initializing Spring embedded WebApplicationContext
12:53:31.310 INFO  [main][ServletWebServerApplicationContext.prepareWebApplicationContext(ServletWebServerApplicationContext.java:292)] Root WebApplicationContext: initialization completed in 2313 ms
12:53:31.686 INFO  [main][HikariDataSource.getConnection(HikariDataSource.java:110)] HikariPool-1 - Starting...
12:53:32.202 INFO  [main][HikariDataSource.getConnection(HikariDataSource.java:123)] HikariPool-1 - Start completed.
12:53:32.296 INFO  [main][LogHelper.logPersistenceUnitInformation(LogHelper.java:31)] HHH000204: Processing PersistenceUnitInfo [name: default]
12:53:32.399 INFO  [main][Version.logVersion(Version.java:44)] HHH000412: Hibernate ORM core version 5.6.15.Final
12:53:32.644 INFO  [main][Version.<clinit>(JavaReflectionManager.java:56)] HCANN000001: Hibernate Commons Annotations {5.1.2.Final}
12:53:32.815 INFO  [main][Dialect.<init>(Dialect.java:175)] HHH000400: Using dialect: org.hibernate.dialect.MySQL8Dialect
12:53:33.122 WARN  [main][RootClass.checkCompositeIdentifier(RootClass.java:287)] HHH000038: Composite-id class does not override equals(): com.example.quiz.entity.Question1Id
12:53:33.123 WARN  [main][RootClass.checkCompositeIdentifier(RootClass.java:290)] HHH000039: Composite-id class does not override hashCode(): com.example.quiz.entity.Question1Id
12:53:33.530 INFO  [main][JtaPlatformInitiator.initiateService(JtaPlatformInitiator.java:52)] HHH000490: Using JtaPlatform implementation: [org.hibernate.engine.transaction.jta.platform.internal.NoJtaPlatform]
12:53:33.545 INFO  [main][LocalContainerEntityManagerFactoryBean.buildNativeEntityManagerFactory(AbstractEntityManagerFactoryBean.java:437)] Initialized JPA EntityManagerFactory for persistence unit 'default'
12:53:34.089 WARN  [main][JpaBaseConfiguration$JpaWebConfiguration.openEntityManagerInViewInterceptor(JpaBaseConfiguration.java:223)] spring.jpa.open-in-view is enabled by default. Therefore, database queries may be performed during view rendering. Explicitly configure spring.jpa.open-in-view to disable this warning
12:53:34.489 INFO  [main][Http11NioProtocol.log(DirectJDKLog.java:173)] Starting ProtocolHandler ["http-nio-8080"]
12:53:34.517 INFO  [main][TomcatWebServer.start(TomcatWebServer.java:220)] Tomcat started on port(s): 8080 (http) with context path ''
12:53:34.529 INFO  [main][QuizApplication.logStarted(StartupInfoLogger.java:61)] Started QuizApplication in 6.39 seconds (JVM running for 7.247)
12:53:42.627 INFO  [http-nio-8080-exec-1][[/].log(DirectJDKLog.java:173)] Initializing Spring DispatcherServlet 'dispatcherServlet'
12:53:42.627 INFO  [http-nio-8080-exec-1][DispatcherServlet.initServletBean(FrameworkServlet.java:525)] Initializing Servlet 'dispatcherServlet'
12:53:42.629 INFO  [http-nio-8080-exec-1][DispatcherServlet.initServletBean(FrameworkServlet.java:547)] Completed initialization in 1 ms
12:54:22.411 WARN  [http-nio-8080-exec-5][DefaultHandlerExceptionResolver.logException(AbstractHandlerExceptionResolver.java:208)] Resolved [org.springframework.web.HttpMediaTypeNotSupportedException: Content type 'text/plain;charset=UTF-8' not supported]
16:41:56.035 INFO  [main][QuizApplication.logStarting(StartupInfoLogger.java:55)] Starting QuizApplication using Java 17.0.2 on DESKTOP-B238E7G with PID 2480 (D:\java_pro\quiz\bin\main started by user in D:\java_pro\quiz)
16:41:56.039 INFO  [main][QuizApplication.logStartupProfileInfo(SpringApplication.java:631)] No active profile set, falling back to 1 default profile: "default"
16:41:57.371 INFO  [main][RepositoryConfigurationDelegate.registerRepositoriesIn(RepositoryConfigurationDelegate.java:132)] Bootstrapping Spring Data JPA repositories in DEFAULT mode.
16:41:57.457 INFO  [main][RepositoryConfigurationDelegate.registerRepositoriesIn(RepositoryConfigurationDelegate.java:201)] Finished Spring Data repository scanning in 73 ms. Found 4 JPA repository interfaces.
16:41:58.277 INFO  [main][TomcatWebServer.initialize(TomcatWebServer.java:108)] Tomcat initialized with port(s): 8080 (http)
16:41:58.288 INFO  [main][Http11NioProtocol.log(DirectJDKLog.java:173)] Initializing ProtocolHandler ["http-nio-8080"]
16:41:58.291 INFO  [main][StandardService.log(DirectJDKLog.java:173)] Starting service [Tomcat]
16:41:58.291 INFO  [main][StandardEngine.log(DirectJDKLog.java:173)] Starting Servlet engine: [Apache Tomcat/9.0.80]
16:41:58.557 INFO  [main][[/].log(DirectJDKLog.java:173)] Initializing Spring embedded WebApplicationContext
16:41:58.558 INFO  [main][ServletWebServerApplicationContext.prepareWebApplicationContext(ServletWebServerApplicationContext.java:292)] Root WebApplicationContext: initialization completed in 2427 ms
16:41:58.595 ERROR [main][TomcatStarter.onStartup(TomcatStarter.java:61)] Error starting Tomcat context. Exception: org.springframework.beans.factory.BeanNotOfRequiredTypeException. Message: Bean named 'corsFilter' is expected to be of type 'javax.servlet.Filter' but was actually of type 'org.springframework.beans.factory.support.NullBean'
16:41:58.639 INFO  [main][StandardService.log(DirectJDKLog.java:173)] Stopping service [Tomcat]
16:41:58.658 WARN  [main][AnnotationConfigServletWebServerApplicationContext.refresh(AbstractApplicationContext.java:591)] Exception encountered during context initialization - cancelling refresh attempt: org.springframework.context.ApplicationContextException: Unable to start web server; nested exception is org.springframework.boot.web.server.WebServerException: Unable to start embedded Tomcat
16:41:58.679 INFO  [main][ConditionEvaluationReportLoggingListener.logMessage(ConditionEvaluationReportLoggingListener.java:136)] 

Error starting ApplicationContext. To display the conditions report re-run your application with 'debug' enabled.
16:41:58.709 ERROR [main][SpringApplication.reportFailure(SpringApplication.java:821)] Application run failed
org.springframework.context.ApplicationContextException: Unable to start web server; nested exception is org.springframework.boot.web.server.WebServerException: Unable to start embedded Tomcat
	at org.springframework.boot.web.servlet.context.ServletWebServerApplicationContext.onRefresh(ServletWebServerApplicationContext.java:165)
	at org.springframework.context.support.AbstractApplicationContext.refresh(AbstractApplicationContext.java:577)
	at org.springframework.boot.web.servlet.context.ServletWebServerApplicationContext.refresh(ServletWebServerApplicationContext.java:147)
	at org.springframework.boot.SpringApplication.refresh(SpringApplication.java:731)
	at org.springframework.boot.SpringApplication.refreshContext(SpringApplication.java:408)
	at org.springframework.boot.SpringApplication.run(SpringApplication.java:307)
	at org.springframework.boot.SpringApplication.run(SpringApplication.java:1303)
	at org.springframework.boot.SpringApplication.run(SpringApplication.java:1292)
	at com.example.quiz.QuizApplication.main(QuizApplication.java:11)
Caused by: org.springframework.boot.web.server.WebServerException: Unable to start embedded Tomcat
	at org.springframework.boot.web.embedded.tomcat.TomcatWebServer.initialize(TomcatWebServer.java:142)
	at org.springframework.boot.web.embedded.tomcat.TomcatWebServer.<init>(TomcatWebServer.java:104)
	at org.springframework.boot.web.embedded.tomcat.TomcatServletWebServerFactory.getTomcatWebServer(TomcatServletWebServerFactory.java:481)
	at org.springframework.boot.web.embedded.tomcat.TomcatServletWebServerFactory.getWebServer(TomcatServletWebServerFactory.java:211)
	at org.springframework.boot.web.servlet.context.ServletWebServerApplicationContext.createWebServer(ServletWebServerApplicationContext.java:184)
	at org.springframework.boot.web.servlet.context.ServletWebServerApplicationContext.onRefresh(ServletWebServerApplicationContext.java:162)
	... 8 common frames omitted
Caused by: org.springframework.beans.factory.BeanNotOfRequiredTypeException: Bean named 'corsFilter' is expected to be of type 'javax.servlet.Filter' but was actually of type 'org.springframework.beans.factory.support.NullBean'
	at org.springframework.beans.factory.support.AbstractBeanFactory.adaptBeanInstance(AbstractBeanFactory.java:417)
	at org.springframework.beans.factory.support.AbstractBeanFactory.doGetBean(AbstractBeanFactory.java:398)
	at org.springframework.beans.factory.support.AbstractBeanFactory.getBean(AbstractBeanFactory.java:213)
	at org.springframework.boot.web.servlet.ServletContextInitializerBeans.getOrderedBeansOfType(ServletContextInitializerBeans.java:213)
	at org.springframework.boot.web.servlet.ServletContextInitializerBeans.addAsRegistrationBean(ServletContextInitializerBeans.java:176)
	at org.springframework.boot.web.servlet.ServletContextInitializerBeans.addAsRegistrationBean(ServletContextInitializerBeans.java:171)
	at org.springframework.boot.web.servlet.ServletContextInitializerBeans.addAdaptableBeans(ServletContextInitializerBeans.java:156)
	at org.springframework.boot.web.servlet.ServletContextInitializerBeans.<init>(ServletContextInitializerBeans.java:87)
	at org.springframework.boot.web.servlet.context.ServletWebServerApplicationContext.getServletContextInitializerBeans(ServletWebServerApplicationContext.java:262)
	at org.springframework.boot.web.servlet.context.ServletWebServerApplicationContext.selfInitialize(ServletWebServerApplicationContext.java:236)
	at org.springframework.boot.web.embedded.tomcat.TomcatStarter.onStartup(TomcatStarter.java:53)
	at org.apache.catalina.core.StandardContext.startInternal(StandardContext.java:4904)
	at org.apache.catalina.util.LifecycleBase.start(LifecycleBase.java:171)
	at org.apache.catalina.core.ContainerBase$StartChild.call(ContainerBase.java:1332)
	at org.apache.catalina.core.ContainerBase$StartChild.call(ContainerBase.java:1322)
	at java.base/java.util.concurrent.FutureTask.run(FutureTask.java:264)
	at org.apache.tomcat.util.threads.InlineExecutorService.execute(InlineExecutorService.java:75)
	at java.base/java.util.concurrent.AbstractExecutorService.submit(AbstractExecutorService.java:145)
	at org.apache.catalina.core.ContainerBase.startInternal(ContainerBase.java:866)
	at org.apache.catalina.core.StandardHost.startInternal(StandardHost.java:795)
	at org.apache.catalina.util.LifecycleBase.start(LifecycleBase.java:171)
	at org.apache.catalina.core.ContainerBase$StartChild.call(ContainerBase.java:1332)
	at org.apache.catalina.core.ContainerBase$StartChild.call(ContainerBase.java:1322)
	at java.base/java.util.concurrent.FutureTask.run(FutureTask.java:264)
	at org.apache.tomcat.util.threads.InlineExecutorService.execute(InlineExecutorService.java:75)
	at java.base/java.util.concurrent.AbstractExecutorService.submit(AbstractExecutorService.java:145)
	at org.apache.catalina.core.ContainerBase.startInternal(ContainerBase.java:866)
	at org.apache.catalina.core.StandardEngine.startInternal(StandardEngine.java:249)
	at org.apache.catalina.util.LifecycleBase.start(LifecycleBase.java:171)
	at org.apache.catalina.core.StandardService.startInternal(StandardService.java:433)
	at org.apache.catalina.util.LifecycleBase.start(LifecycleBase.java:171)
	at org.apache.catalina.core.StandardServer.startInternal(StandardServer.java:922)
	at org.apache.catalina.util.LifecycleBase.start(LifecycleBase.java:171)
	at org.apache.catalina.startup.Tomcat.start(Tomcat.java:486)
	at org.springframework.boot.web.embedded.tomcat.TomcatWebServer.initialize(TomcatWebServer.java:123)
	... 13 common frames omitted
16:43:40.471 INFO  [main][QuizApplication.logStarting(StartupInfoLogger.java:55)] Starting QuizApplication using Java 17.0.2 on DESKTOP-B238E7G with PID 6864 (D:\java_pro\quiz\bin\main started by user in D:\java_pro\quiz)
16:43:40.482 INFO  [main][QuizApplication.logStartupProfileInfo(SpringApplication.java:631)] No active profile set, falling back to 1 default profile: "default"
16:43:41.261 INFO  [main][RepositoryConfigurationDelegate.registerRepositoriesIn(RepositoryConfigurationDelegate.java:132)] Bootstrapping Spring Data JPA repositories in DEFAULT mode.
16:43:41.344 INFO  [main][RepositoryConfigurationDelegate.registerRepositoriesIn(RepositoryConfigurationDelegate.java:201)] Finished Spring Data repository scanning in 71 ms. Found 4 JPA repository interfaces.
16:43:42.098 INFO  [main][TomcatWebServer.initialize(TomcatWebServer.java:108)] Tomcat initialized with port(s): 8080 (http)
16:43:42.109 INFO  [main][Http11NioProtocol.log(DirectJDKLog.java:173)] Initializing ProtocolHandler ["http-nio-8080"]
16:43:42.112 INFO  [main][StandardService.log(DirectJDKLog.java:173)] Starting service [Tomcat]
16:43:42.112 INFO  [main][StandardEngine.log(DirectJDKLog.java:173)] Starting Servlet engine: [Apache Tomcat/9.0.80]
16:43:42.271 INFO  [main][[/].log(DirectJDKLog.java:173)] Initializing Spring embedded WebApplicationContext
16:43:42.272 INFO  [main][ServletWebServerApplicationContext.prepareWebApplicationContext(ServletWebServerApplicationContext.java:292)] Root WebApplicationContext: initialization completed in 1720 ms
16:43:43.547 INFO  [main][HikariDataSource.getConnection(HikariDataSource.java:110)] HikariPool-1 - Starting...
16:43:43.760 INFO  [main][HikariDataSource.getConnection(HikariDataSource.java:123)] HikariPool-1 - Start completed.
16:43:43.835 INFO  [main][LogHelper.logPersistenceUnitInformation(LogHelper.java:31)] HHH000204: Processing PersistenceUnitInfo [name: default]
16:43:43.954 INFO  [main][Version.logVersion(Version.java:44)] HHH000412: Hibernate ORM core version 5.6.15.Final
16:43:44.212 INFO  [main][Version.<clinit>(JavaReflectionManager.java:56)] HCANN000001: Hibernate Commons Annotations {5.1.2.Final}
16:43:44.383 INFO  [main][Dialect.<init>(Dialect.java:175)] HHH000400: Using dialect: org.hibernate.dialect.MySQL8Dialect
16:43:44.709 WARN  [main][RootClass.checkCompositeIdentifier(RootClass.java:287)] HHH000038: Composite-id class does not override equals(): com.example.quiz.entity.Question1Id
16:43:44.709 WARN  [main][RootClass.checkCompositeIdentifier(RootClass.java:290)] HHH000039: Composite-id class does not override hashCode(): com.example.quiz.entity.Question1Id
16:43:45.123 INFO  [main][JtaPlatformInitiator.initiateService(JtaPlatformInitiator.java:52)] HHH000490: Using JtaPlatform implementation: [org.hibernate.engine.transaction.jta.platform.internal.NoJtaPlatform]
16:43:45.137 INFO  [main][LocalContainerEntityManagerFactoryBean.buildNativeEntityManagerFactory(AbstractEntityManagerFactoryBean.java:437)] Initialized JPA EntityManagerFactory for persistence unit 'default'
16:43:45.671 WARN  [main][JpaBaseConfiguration$JpaWebConfiguration.openEntityManagerInViewInterceptor(JpaBaseConfiguration.java:223)] spring.jpa.open-in-view is enabled by default. Therefore, database queries may be performed during view rendering. Explicitly configure spring.jpa.open-in-view to disable this warning
16:43:46.067 INFO  [main][Http11NioProtocol.log(DirectJDKLog.java:173)] Starting ProtocolHandler ["http-nio-8080"]
16:43:46.073 WARN  [main][AnnotationConfigServletWebServerApplicationContext.refresh(AbstractApplicationContext.java:591)] Exception encountered during context initialization - cancelling refresh attempt: org.springframework.context.ApplicationContextException: Failed to start bean 'webServerStartStop'; nested exception is org.springframework.boot.web.server.PortInUseException: Port 8080 is already in use
16:43:46.074 INFO  [main][LocalContainerEntityManagerFactoryBean.destroy(AbstractEntityManagerFactoryBean.java:651)] Closing JPA EntityManagerFactory for persistence unit 'default'
16:43:46.076 INFO  [main][HikariDataSource.close(HikariDataSource.java:350)] HikariPool-1 - Shutdown initiated...
16:43:46.191 INFO  [main][HikariDataSource.close(HikariDataSource.java:352)] HikariPool-1 - Shutdown completed.
16:43:46.195 INFO  [main][Http11NioProtocol.log(DirectJDKLog.java:173)] Pausing ProtocolHandler ["http-nio-8080"]
16:43:46.195 INFO  [main][StandardService.log(DirectJDKLog.java:173)] Stopping service [Tomcat]
16:43:46.201 INFO  [main][Http11NioProtocol.log(DirectJDKLog.java:173)] Stopping ProtocolHandler ["http-nio-8080"]
16:43:46.201 INFO  [main][Http11NioProtocol.log(DirectJDKLog.java:173)] Destroying ProtocolHandler ["http-nio-8080"]
16:43:46.210 INFO  [main][ConditionEvaluationReportLoggingListener.logMessage(ConditionEvaluationReportLoggingListener.java:136)] 

Error starting ApplicationContext. To display the conditions report re-run your application with 'debug' enabled.
16:43:46.234 ERROR [main][LoggingFailureAnalysisReporter.report(LoggingFailureAnalysisReporter.java:40)] 

***************************
APPLICATION FAILED TO START
***************************

Description:

Web server failed to start. Port 8080 was already in use.

Action:

Identify and stop the process that's listening on port 8080 or configure this application to listen on another port.

16:45:14.605 INFO  [main][QuizApplication.logStarting(StartupInfoLogger.java:55)] Starting QuizApplication using Java 17.0.2 on DESKTOP-B238E7G with PID 2656 (D:\java_pro\quiz\bin\main started by user in D:\java_pro\quiz)
16:45:14.611 INFO  [main][QuizApplication.logStartupProfileInfo(SpringApplication.java:631)] No active profile set, falling back to 1 default profile: "default"
16:45:15.440 INFO  [main][RepositoryConfigurationDelegate.registerRepositoriesIn(RepositoryConfigurationDelegate.java:132)] Bootstrapping Spring Data JPA repositories in DEFAULT mode.
16:45:15.543 INFO  [main][RepositoryConfigurationDelegate.registerRepositoriesIn(RepositoryConfigurationDelegate.java:201)] Finished Spring Data repository scanning in 83 ms. Found 4 JPA repository interfaces.
16:45:16.308 INFO  [main][TomcatWebServer.initialize(TomcatWebServer.java:108)] Tomcat initialized with port(s): 8080 (http)
16:45:16.318 INFO  [main][Http11NioProtocol.log(DirectJDKLog.java:173)] Initializing ProtocolHandler ["http-nio-8080"]
16:45:16.321 INFO  [main][StandardService.log(DirectJDKLog.java:173)] Starting service [Tomcat]
16:45:16.322 INFO  [main][StandardEngine.log(DirectJDKLog.java:173)] Starting Servlet engine: [Apache Tomcat/9.0.80]
16:45:16.479 INFO  [main][[/].log(DirectJDKLog.java:173)] Initializing Spring embedded WebApplicationContext
16:45:16.480 INFO  [main][ServletWebServerApplicationContext.prepareWebApplicationContext(ServletWebServerApplicationContext.java:292)] Root WebApplicationContext: initialization completed in 1792 ms
16:45:16.688 INFO  [main][HikariDataSource.getConnection(HikariDataSource.java:110)] HikariPool-1 - Starting...
16:45:16.884 INFO  [main][HikariDataSource.getConnection(HikariDataSource.java:123)] HikariPool-1 - Start completed.
16:45:16.948 INFO  [main][LogHelper.logPersistenceUnitInformation(LogHelper.java:31)] HHH000204: Processing PersistenceUnitInfo [name: default]
16:45:17.047 INFO  [main][Version.logVersion(Version.java:44)] HHH000412: Hibernate ORM core version 5.6.15.Final
16:45:17.286 INFO  [main][Version.<clinit>(JavaReflectionManager.java:56)] HCANN000001: Hibernate Commons Annotations {5.1.2.Final}
16:45:17.449 INFO  [main][Dialect.<init>(Dialect.java:175)] HHH000400: Using dialect: org.hibernate.dialect.MySQL8Dialect
16:45:17.777 WARN  [main][RootClass.checkCompositeIdentifier(RootClass.java:287)] HHH000038: Composite-id class does not override equals(): com.example.quiz.entity.Question1Id
16:45:17.778 WARN  [main][RootClass.checkCompositeIdentifier(RootClass.java:290)] HHH000039: Composite-id class does not override hashCode(): com.example.quiz.entity.Question1Id
16:45:18.227 INFO  [main][JtaPlatformInitiator.initiateService(JtaPlatformInitiator.java:52)] HHH000490: Using JtaPlatform implementation: [org.hibernate.engine.transaction.jta.platform.internal.NoJtaPlatform]
16:45:18.240 INFO  [main][LocalContainerEntityManagerFactoryBean.buildNativeEntityManagerFactory(AbstractEntityManagerFactoryBean.java:437)] Initialized JPA EntityManagerFactory for persistence unit 'default'
16:45:18.851 WARN  [main][JpaBaseConfiguration$JpaWebConfiguration.openEntityManagerInViewInterceptor(JpaBaseConfiguration.java:223)] spring.jpa.open-in-view is enabled by default. Therefore, database queries may be performed during view rendering. Explicitly configure spring.jpa.open-in-view to disable this warning
16:45:19.229 INFO  [main][Http11NioProtocol.log(DirectJDKLog.java:173)] Starting ProtocolHandler ["http-nio-8080"]
16:45:19.235 WARN  [main][AnnotationConfigServletWebServerApplicationContext.refresh(AbstractApplicationContext.java:591)] Exception encountered during context initialization - cancelling refresh attempt: org.springframework.context.ApplicationContextException: Failed to start bean 'webServerStartStop'; nested exception is org.springframework.boot.web.server.PortInUseException: Port 8080 is already in use
16:45:19.237 INFO  [main][LocalContainerEntityManagerFactoryBean.destroy(AbstractEntityManagerFactoryBean.java:651)] Closing JPA EntityManagerFactory for persistence unit 'default'
16:45:19.239 INFO  [main][HikariDataSource.close(HikariDataSource.java:350)] HikariPool-1 - Shutdown initiated...
16:45:19.248 INFO  [main][HikariDataSource.close(HikariDataSource.java:352)] HikariPool-1 - Shutdown completed.
16:45:19.251 INFO  [main][Http11NioProtocol.log(DirectJDKLog.java:173)] Pausing ProtocolHandler ["http-nio-8080"]
16:45:19.251 INFO  [main][StandardService.log(DirectJDKLog.java:173)] Stopping service [Tomcat]
16:45:19.255 INFO  [main][Http11NioProtocol.log(DirectJDKLog.java:173)] Stopping ProtocolHandler ["http-nio-8080"]
16:45:19.256 INFO  [main][Http11NioProtocol.log(DirectJDKLog.java:173)] Destroying ProtocolHandler ["http-nio-8080"]
16:45:19.263 INFO  [main][ConditionEvaluationReportLoggingListener.logMessage(ConditionEvaluationReportLoggingListener.java:136)] 

Error starting ApplicationContext. To display the conditions report re-run your application with 'debug' enabled.
16:45:19.282 ERROR [main][LoggingFailureAnalysisReporter.report(LoggingFailureAnalysisReporter.java:40)] 

***************************
APPLICATION FAILED TO START
***************************

Description:

Web server failed to start. Port 8080 was already in use.

Action:

Identify and stop the process that's listening on port 8080 or configure this application to listen on another port.

16:45:30.085 INFO  [main][QuizApplication.logStarting(StartupInfoLogger.java:55)] Starting QuizApplication using Java 17.0.2 on DESKTOP-B238E7G with PID 14148 (D:\java_pro\quiz\bin\main started by user in D:\java_pro\quiz)
16:45:30.092 INFO  [main][QuizApplication.logStartupProfileInfo(SpringApplication.java:631)] No active profile set, falling back to 1 default profile: "default"
16:45:30.959 INFO  [main][RepositoryConfigurationDelegate.registerRepositoriesIn(RepositoryConfigurationDelegate.java:132)] Bootstrapping Spring Data JPA repositories in DEFAULT mode.
16:45:31.051 INFO  [main][RepositoryConfigurationDelegate.registerRepositoriesIn(RepositoryConfigurationDelegate.java:201)] Finished Spring Data repository scanning in 78 ms. Found 4 JPA repository interfaces.
16:45:31.841 INFO  [main][TomcatWebServer.initialize(TomcatWebServer.java:108)] Tomcat initialized with port(s): 8080 (http)
16:45:31.852 INFO  [main][Http11NioProtocol.log(DirectJDKLog.java:173)] Initializing ProtocolHandler ["http-nio-8080"]
16:45:31.854 INFO  [main][StandardService.log(DirectJDKLog.java:173)] Starting service [Tomcat]
16:45:31.854 INFO  [main][StandardEngine.log(DirectJDKLog.java:173)] Starting Servlet engine: [Apache Tomcat/9.0.80]
16:45:31.983 INFO  [main][[/].log(DirectJDKLog.java:173)] Initializing Spring embedded WebApplicationContext
16:45:31.984 INFO  [main][ServletWebServerApplicationContext.prepareWebApplicationContext(ServletWebServerApplicationContext.java:292)] Root WebApplicationContext: initialization completed in 1806 ms
16:45:32.209 INFO  [main][HikariDataSource.getConnection(HikariDataSource.java:110)] HikariPool-1 - Starting...
16:45:32.462 INFO  [main][HikariDataSource.getConnection(HikariDataSource.java:123)] HikariPool-1 - Start completed.
16:45:32.532 INFO  [main][LogHelper.logPersistenceUnitInformation(LogHelper.java:31)] HHH000204: Processing PersistenceUnitInfo [name: default]
16:45:32.647 INFO  [main][Version.logVersion(Version.java:44)] HHH000412: Hibernate ORM core version 5.6.15.Final
16:45:32.906 INFO  [main][Version.<clinit>(JavaReflectionManager.java:56)] HCANN000001: Hibernate Commons Annotations {5.1.2.Final}
16:45:33.087 INFO  [main][Dialect.<init>(Dialect.java:175)] HHH000400: Using dialect: org.hibernate.dialect.MySQL8Dialect
16:45:33.412 WARN  [main][RootClass.checkCompositeIdentifier(RootClass.java:287)] HHH000038: Composite-id class does not override equals(): com.example.quiz.entity.Question1Id
16:45:33.413 WARN  [main][RootClass.checkCompositeIdentifier(RootClass.java:290)] HHH000039: Composite-id class does not override hashCode(): com.example.quiz.entity.Question1Id
16:45:33.867 INFO  [main][JtaPlatformInitiator.initiateService(JtaPlatformInitiator.java:52)] HHH000490: Using JtaPlatform implementation: [org.hibernate.engine.transaction.jta.platform.internal.NoJtaPlatform]
16:45:33.883 INFO  [main][LocalContainerEntityManagerFactoryBean.buildNativeEntityManagerFactory(AbstractEntityManagerFactoryBean.java:437)] Initialized JPA EntityManagerFactory for persistence unit 'default'
16:46:01.669 INFO  [main][QuizApplication.logStarting(StartupInfoLogger.java:55)] Starting QuizApplication using Java 17.0.2 on DESKTOP-B238E7G with PID 5028 (D:\java_pro\quiz\bin\main started by user in D:\java_pro\quiz)
16:46:01.675 INFO  [main][QuizApplication.logStartupProfileInfo(SpringApplication.java:631)] No active profile set, falling back to 1 default profile: "default"
16:46:02.443 INFO  [main][RepositoryConfigurationDelegate.registerRepositoriesIn(RepositoryConfigurationDelegate.java:132)] Bootstrapping Spring Data JPA repositories in DEFAULT mode.
16:46:02.525 INFO  [main][RepositoryConfigurationDelegate.registerRepositoriesIn(RepositoryConfigurationDelegate.java:201)] Finished Spring Data repository scanning in 69 ms. Found 4 JPA repository interfaces.
16:46:03.278 INFO  [main][TomcatWebServer.initialize(TomcatWebServer.java:108)] Tomcat initialized with port(s): 8080 (http)
16:46:03.288 INFO  [main][Http11NioProtocol.log(DirectJDKLog.java:173)] Initializing ProtocolHandler ["http-nio-8080"]
16:46:03.290 INFO  [main][StandardService.log(DirectJDKLog.java:173)] Starting service [Tomcat]
16:46:03.290 INFO  [main][StandardEngine.log(DirectJDKLog.java:173)] Starting Servlet engine: [Apache Tomcat/9.0.80]
16:46:03.451 INFO  [main][[/].log(DirectJDKLog.java:173)] Initializing Spring embedded WebApplicationContext
16:46:03.452 INFO  [main][ServletWebServerApplicationContext.prepareWebApplicationContext(ServletWebServerApplicationContext.java:292)] Root WebApplicationContext: initialization completed in 1705 ms
16:46:03.667 INFO  [main][HikariDataSource.getConnection(HikariDataSource.java:110)] HikariPool-1 - Starting...
16:46:03.865 INFO  [main][HikariDataSource.getConnection(HikariDataSource.java:123)] HikariPool-1 - Start completed.
16:46:03.931 INFO  [main][LogHelper.logPersistenceUnitInformation(LogHelper.java:31)] HHH000204: Processing PersistenceUnitInfo [name: default]
16:46:04.027 INFO  [main][Version.logVersion(Version.java:44)] HHH000412: Hibernate ORM core version 5.6.15.Final
16:46:04.248 INFO  [main][Version.<clinit>(JavaReflectionManager.java:56)] HCANN000001: Hibernate Commons Annotations {5.1.2.Final}
16:46:04.400 INFO  [main][Dialect.<init>(Dialect.java:175)] HHH000400: Using dialect: org.hibernate.dialect.MySQL8Dialect
16:46:04.702 WARN  [main][RootClass.checkCompositeIdentifier(RootClass.java:287)] HHH000038: Composite-id class does not override equals(): com.example.quiz.entity.Question1Id
16:46:04.702 WARN  [main][RootClass.checkCompositeIdentifier(RootClass.java:290)] HHH000039: Composite-id class does not override hashCode(): com.example.quiz.entity.Question1Id
16:46:05.101 INFO  [main][JtaPlatformInitiator.initiateService(JtaPlatformInitiator.java:52)] HHH000490: Using JtaPlatform implementation: [org.hibernate.engine.transaction.jta.platform.internal.NoJtaPlatform]
16:46:05.115 INFO  [main][LocalContainerEntityManagerFactoryBean.buildNativeEntityManagerFactory(AbstractEntityManagerFactoryBean.java:437)] Initialized JPA EntityManagerFactory for persistence unit 'default'
16:46:05.626 WARN  [main][JpaBaseConfiguration$JpaWebConfiguration.openEntityManagerInViewInterceptor(JpaBaseConfiguration.java:223)] spring.jpa.open-in-view is enabled by default. Therefore, database queries may be performed during view rendering. Explicitly configure spring.jpa.open-in-view to disable this warning
16:46:06.007 INFO  [main][Http11NioProtocol.log(DirectJDKLog.java:173)] Starting ProtocolHandler ["http-nio-8080"]
16:46:06.012 WARN  [main][AnnotationConfigServletWebServerApplicationContext.refresh(AbstractApplicationContext.java:591)] Exception encountered during context initialization - cancelling refresh attempt: org.springframework.context.ApplicationContextException: Failed to start bean 'webServerStartStop'; nested exception is org.springframework.boot.web.server.PortInUseException: Port 8080 is already in use
16:46:06.014 INFO  [main][LocalContainerEntityManagerFactoryBean.destroy(AbstractEntityManagerFactoryBean.java:651)] Closing JPA EntityManagerFactory for persistence unit 'default'
16:46:06.016 INFO  [main][HikariDataSource.close(HikariDataSource.java:350)] HikariPool-1 - Shutdown initiated...
16:46:06.026 INFO  [main][HikariDataSource.close(HikariDataSource.java:352)] HikariPool-1 - Shutdown completed.
16:46:06.028 INFO  [main][Http11NioProtocol.log(DirectJDKLog.java:173)] Pausing ProtocolHandler ["http-nio-8080"]
16:46:06.029 INFO  [main][StandardService.log(DirectJDKLog.java:173)] Stopping service [Tomcat]
16:46:06.032 INFO  [main][Http11NioProtocol.log(DirectJDKLog.java:173)] Stopping ProtocolHandler ["http-nio-8080"]
16:46:06.033 INFO  [main][Http11NioProtocol.log(DirectJDKLog.java:173)] Destroying ProtocolHandler ["http-nio-8080"]
16:46:06.039 INFO  [main][ConditionEvaluationReportLoggingListener.logMessage(ConditionEvaluationReportLoggingListener.java:136)] 

Error starting ApplicationContext. To display the conditions report re-run your application with 'debug' enabled.
16:46:06.059 ERROR [main][LoggingFailureAnalysisReporter.report(LoggingFailureAnalysisReporter.java:40)] 

***************************
APPLICATION FAILED TO START
***************************

Description:

Web server failed to start. Port 8080 was already in use.

Action:

Identify and stop the process that's listening on port 8080 or configure this application to listen on another port.

16:46:38.339 INFO  [main][QuizApplication.logStarting(StartupInfoLogger.java:55)] Starting QuizApplication using Java 17.0.2 on DESKTOP-B238E7G with PID 2556 (D:\java_pro\quiz\bin\main started by user in D:\java_pro\quiz)
16:46:38.343 INFO  [main][QuizApplication.logStartupProfileInfo(SpringApplication.java:631)] No active profile set, falling back to 1 default profile: "default"
16:46:39.108 INFO  [main][RepositoryConfigurationDelegate.registerRepositoriesIn(RepositoryConfigurationDelegate.java:132)] Bootstrapping Spring Data JPA repositories in DEFAULT mode.
16:46:39.193 INFO  [main][RepositoryConfigurationDelegate.registerRepositoriesIn(RepositoryConfigurationDelegate.java:201)] Finished Spring Data repository scanning in 71 ms. Found 4 JPA repository interfaces.
16:46:39.942 INFO  [main][TomcatWebServer.initialize(TomcatWebServer.java:108)] Tomcat initialized with port(s): 8080 (http)
16:46:40.046 INFO  [main][Http11NioProtocol.log(DirectJDKLog.java:173)] Initializing ProtocolHandler ["http-nio-8080"]
16:46:40.051 INFO  [main][StandardService.log(DirectJDKLog.java:173)] Starting service [Tomcat]
16:46:40.052 INFO  [main][StandardEngine.log(DirectJDKLog.java:173)] Starting Servlet engine: [Apache Tomcat/9.0.80]
16:46:40.271 INFO  [main][[/].log(DirectJDKLog.java:173)] Initializing Spring embedded WebApplicationContext
16:46:40.273 INFO  [main][ServletWebServerApplicationContext.prepareWebApplicationContext(ServletWebServerApplicationContext.java:292)] Root WebApplicationContext: initialization completed in 1855 ms
16:46:40.486 INFO  [main][HikariDataSource.getConnection(HikariDataSource.java:110)] HikariPool-1 - Starting...
16:46:40.703 INFO  [main][HikariDataSource.getConnection(HikariDataSource.java:123)] HikariPool-1 - Start completed.
16:46:40.766 INFO  [main][LogHelper.logPersistenceUnitInformation(LogHelper.java:31)] HHH000204: Processing PersistenceUnitInfo [name: default]
16:46:40.874 INFO  [main][Version.logVersion(Version.java:44)] HHH000412: Hibernate ORM core version 5.6.15.Final
16:46:41.083 INFO  [main][Version.<clinit>(JavaReflectionManager.java:56)] HCANN000001: Hibernate Commons Annotations {5.1.2.Final}
16:46:41.237 INFO  [main][Dialect.<init>(Dialect.java:175)] HHH000400: Using dialect: org.hibernate.dialect.MySQL8Dialect
16:46:41.548 WARN  [main][RootClass.checkCompositeIdentifier(RootClass.java:287)] HHH000038: Composite-id class does not override equals(): com.example.quiz.entity.Question1Id
16:46:41.548 WARN  [main][RootClass.checkCompositeIdentifier(RootClass.java:290)] HHH000039: Composite-id class does not override hashCode(): com.example.quiz.entity.Question1Id
16:46:41.945 INFO  [main][JtaPlatformInitiator.initiateService(JtaPlatformInitiator.java:52)] HHH000490: Using JtaPlatform implementation: [org.hibernate.engine.transaction.jta.platform.internal.NoJtaPlatform]
16:46:41.958 INFO  [main][LocalContainerEntityManagerFactoryBean.buildNativeEntityManagerFactory(AbstractEntityManagerFactoryBean.java:437)] Initialized JPA EntityManagerFactory for persistence unit 'default'
16:46:42.470 WARN  [main][JpaBaseConfiguration$JpaWebConfiguration.openEntityManagerInViewInterceptor(JpaBaseConfiguration.java:223)] spring.jpa.open-in-view is enabled by default. Therefore, database queries may be performed during view rendering. Explicitly configure spring.jpa.open-in-view to disable this warning
16:46:42.850 INFO  [main][Http11NioProtocol.log(DirectJDKLog.java:173)] Starting ProtocolHandler ["http-nio-8080"]
16:46:42.878 INFO  [main][TomcatWebServer.start(TomcatWebServer.java:220)] Tomcat started on port(s): 8080 (http) with context path ''
16:46:42.887 INFO  [main][QuizApplication.logStarted(StartupInfoLogger.java:61)] Started QuizApplication in 5.02 seconds (JVM running for 5.797)
16:49:47.039 INFO  [http-nio-8080-exec-2][[/].log(DirectJDKLog.java:173)] Initializing Spring DispatcherServlet 'dispatcherServlet'
16:49:47.039 INFO  [http-nio-8080-exec-2][DispatcherServlet.initServletBean(FrameworkServlet.java:525)] Initializing Servlet 'dispatcherServlet'
16:49:47.040 INFO  [http-nio-8080-exec-2][DispatcherServlet.initServletBean(FrameworkServlet.java:547)] Completed initialization in 1 ms
16:55:17.435 WARN  [http-nio-8080-exec-3][DefaultHandlerExceptionResolver.logException(AbstractHandlerExceptionResolver.java:208)] Resolved [org.springframework.http.converter.HttpMessageNotReadableException: JSON parse error: Cannot deserialize value of type `java.lang.String` from Array value (token `JsonToken.START_ARRAY`); nested exception is com.fasterxml.jackson.databind.exc.MismatchedInputException: Cannot deserialize value of type `java.lang.String` from Array value (token `JsonToken.START_ARRAY`)<EOL> at [Source: (org.springframework.util.StreamUtils$NonClosingInputStream); line: 1, column: 148] (through reference chain: com.example.quiz.vo.QuizReq["question_list"]->java.util.ArrayList[0]->com.example.quiz.entity.Question["options"])]
16:56:26.385 WARN  [http-nio-8080-exec-4][DefaultHandlerExceptionResolver.logException(AbstractHandlerExceptionResolver.java:208)] Resolved [org.springframework.http.converter.HttpMessageNotReadableException: JSON parse error: Cannot deserialize value of type `java.lang.String` from Array value (token `JsonToken.START_ARRAY`); nested exception is com.fasterxml.jackson.databind.exc.MismatchedInputException: Cannot deserialize value of type `java.lang.String` from Array value (token `JsonToken.START_ARRAY`)<EOL> at [Source: (org.springframework.util.StreamUtils$NonClosingInputStream); line: 1, column: 148] (through reference chain: com.example.quiz.vo.QuizReq["question_list"]->java.util.ArrayList[0]->com.example.quiz.entity.Question["options"])]
16:59:02.414 WARN  [http-nio-8080-exec-5][DefaultHandlerExceptionResolver.logException(AbstractHandlerExceptionResolver.java:208)] Resolved [org.springframework.http.converter.HttpMessageNotReadableException: JSON parse error: Cannot deserialize value of type `com.example.quiz.entity.Question` from Array value (token `JsonToken.START_ARRAY`); nested exception is com.fasterxml.jackson.databind.exc.MismatchedInputException: Cannot deserialize value of type `com.example.quiz.entity.Question` from Array value (token `JsonToken.START_ARRAY`)<EOL> at [Source: (org.springframework.util.StreamUtils$NonClosingInputStream); line: 1, column: 84] (through reference chain: com.example.quiz.vo.QuizReq["question_list"]->java.util.ArrayList[0])]
17:00:11.935 WARN  [http-nio-8080-exec-6][DefaultHandlerExceptionResolver.logException(AbstractHandlerExceptionResolver.java:208)] Resolved [org.springframework.http.converter.HttpMessageNotReadableException: JSON parse error: Cannot deserialize value of type `com.example.quiz.entity.Question` from Array value (token `JsonToken.START_ARRAY`); nested exception is com.fasterxml.jackson.databind.exc.MismatchedInputException: Cannot deserialize value of type `com.example.quiz.entity.Question` from Array value (token `JsonToken.START_ARRAY`)<EOL> at [Source: (org.springframework.util.StreamUtils$NonClosingInputStream); line: 1, column: 84] (through reference chain: com.example.quiz.vo.QuizReq["question_list"]->java.util.ArrayList[0])]
17:00:26.536 WARN  [http-nio-8080-exec-7][DefaultHandlerExceptionResolver.logException(AbstractHandlerExceptionResolver.java:208)] Resolved [org.springframework.http.converter.HttpMessageNotReadableException: JSON parse error: Cannot deserialize value of type `com.example.quiz.entity.Question` from Array value (token `JsonToken.START_ARRAY`); nested exception is com.fasterxml.jackson.databind.exc.MismatchedInputException: Cannot deserialize value of type `com.example.quiz.entity.Question` from Array value (token `JsonToken.START_ARRAY`)<EOL> at [Source: (org.springframework.util.StreamUtils$NonClosingInputStream); line: 1, column: 84] (through reference chain: com.example.quiz.vo.QuizReq["question_list"]->java.util.ArrayList[0])]
17:01:11.735 WARN  [http-nio-8080-exec-8][DefaultHandlerExceptionResolver.logException(AbstractHandlerExceptionResolver.java:208)] Resolved [org.springframework.http.converter.HttpMessageNotReadableException: JSON parse error: Cannot deserialize value of type `com.example.quiz.entity.Question` from Array value (token `JsonToken.START_ARRAY`); nested exception is com.fasterxml.jackson.databind.exc.MismatchedInputException: Cannot deserialize value of type `com.example.quiz.entity.Question` from Array value (token `JsonToken.START_ARRAY`)<EOL> at [Source: (org.springframework.util.StreamUtils$NonClosingInputStream); line: 1, column: 84] (through reference chain: com.example.quiz.vo.QuizReq["question_list"]->java.util.ArrayList[0])]
17:01:39.524 WARN  [http-nio-8080-exec-9][DefaultHandlerExceptionResolver.logException(AbstractHandlerExceptionResolver.java:208)] Resolved [org.springframework.http.converter.HttpMessageNotReadableException: JSON parse error: Cannot coerce empty String ("") to element of `java.util.ArrayList<com.example.quiz.entity.Question>` (but could if coercion was enabled using `CoercionConfig`); nested exception is com.fasterxml.jackson.databind.exc.InvalidFormatException: Cannot coerce empty String ("") to element of `java.util.ArrayList<com.example.quiz.entity.Question>` (but could if coercion was enabled using `CoercionConfig`)<EOL> at [Source: (org.springframework.util.StreamUtils$NonClosingInputStream); line: 1, column: 83] (through reference chain: com.example.quiz.vo.QuizReq["question_list"])]
17:01:56.980 WARN  [http-nio-8080-exec-10][DefaultHandlerExceptionResolver.logException(AbstractHandlerExceptionResolver.java:208)] Resolved [org.springframework.http.converter.HttpMessageNotReadableException: JSON parse error: Cannot coerce empty String ("") to element of `java.util.ArrayList<com.example.quiz.entity.Question>` (but could if coercion was enabled using `CoercionConfig`); nested exception is com.fasterxml.jackson.databind.exc.InvalidFormatException: Cannot coerce empty String ("") to element of `java.util.ArrayList<com.example.quiz.entity.Question>` (but could if coercion was enabled using `CoercionConfig`)<EOL> at [Source: (org.springframework.util.StreamUtils$NonClosingInputStream); line: 1, column: 107] (through reference chain: com.example.quiz.vo.QuizReq["question_list"])]
17:02:20.794 WARN  [http-nio-8080-exec-2][DefaultHandlerExceptionResolver.logException(AbstractHandlerExceptionResolver.java:208)] Resolved [org.springframework.http.converter.HttpMessageNotReadableException: JSON parse error: Cannot coerce empty String ("") to element of `java.util.ArrayList<com.example.quiz.entity.Question>` (but could if coercion was enabled using `CoercionConfig`); nested exception is com.fasterxml.jackson.databind.exc.InvalidFormatException: Cannot coerce empty String ("") to element of `java.util.ArrayList<com.example.quiz.entity.Question>` (but could if coercion was enabled using `CoercionConfig`)<EOL> at [Source: (org.springframework.util.StreamUtils$NonClosingInputStream); line: 1, column: 75] (through reference chain: com.example.quiz.vo.QuizReq["question_list"])]
17:04:48.701 INFO  [main][QuizApplication.logStarting(StartupInfoLogger.java:55)] Starting QuizApplication using Java 17.0.2 on DESKTOP-B238E7G with PID 16044 (D:\java_pro\quiz\bin\main started by user in D:\java_pro\quiz)
17:04:48.706 INFO  [main][QuizApplication.logStartupProfileInfo(SpringApplication.java:631)] No active profile set, falling back to 1 default profile: "default"
17:04:49.490 INFO  [main][RepositoryConfigurationDelegate.registerRepositoriesIn(RepositoryConfigurationDelegate.java:132)] Bootstrapping Spring Data JPA repositories in DEFAULT mode.
17:04:49.574 INFO  [main][RepositoryConfigurationDelegate.registerRepositoriesIn(RepositoryConfigurationDelegate.java:201)] Finished Spring Data repository scanning in 71 ms. Found 4 JPA repository interfaces.
17:04:50.306 INFO  [main][TomcatWebServer.initialize(TomcatWebServer.java:108)] Tomcat initialized with port(s): 8080 (http)
17:04:50.316 INFO  [main][Http11NioProtocol.log(DirectJDKLog.java:173)] Initializing ProtocolHandler ["http-nio-8080"]
17:04:50.318 INFO  [main][StandardService.log(DirectJDKLog.java:173)] Starting service [Tomcat]
17:04:50.319 INFO  [main][StandardEngine.log(DirectJDKLog.java:173)] Starting Servlet engine: [Apache Tomcat/9.0.80]
17:04:50.483 INFO  [main][[/].log(DirectJDKLog.java:173)] Initializing Spring embedded WebApplicationContext
17:04:50.484 INFO  [main][ServletWebServerApplicationContext.prepareWebApplicationContext(ServletWebServerApplicationContext.java:292)] Root WebApplicationContext: initialization completed in 1704 ms
17:04:50.684 INFO  [main][HikariDataSource.getConnection(HikariDataSource.java:110)] HikariPool-1 - Starting...
17:04:50.897 INFO  [main][HikariDataSource.getConnection(HikariDataSource.java:123)] HikariPool-1 - Start completed.
17:04:50.958 INFO  [main][LogHelper.logPersistenceUnitInformation(LogHelper.java:31)] HHH000204: Processing PersistenceUnitInfo [name: default]
17:04:51.053 INFO  [main][Version.logVersion(Version.java:44)] HHH000412: Hibernate ORM core version 5.6.15.Final
17:04:51.294 INFO  [main][Version.<clinit>(JavaReflectionManager.java:56)] HCANN000001: Hibernate Commons Annotations {5.1.2.Final}
17:04:51.442 INFO  [main][Dialect.<init>(Dialect.java:175)] HHH000400: Using dialect: org.hibernate.dialect.MySQL8Dialect
17:04:51.746 WARN  [main][RootClass.checkCompositeIdentifier(RootClass.java:287)] HHH000038: Composite-id class does not override equals(): com.example.quiz.entity.Question1Id
17:04:51.747 WARN  [main][RootClass.checkCompositeIdentifier(RootClass.java:290)] HHH000039: Composite-id class does not override hashCode(): com.example.quiz.entity.Question1Id
17:04:52.136 INFO  [main][JtaPlatformInitiator.initiateService(JtaPlatformInitiator.java:52)] HHH000490: Using JtaPlatform implementation: [org.hibernate.engine.transaction.jta.platform.internal.NoJtaPlatform]
17:04:52.149 INFO  [main][LocalContainerEntityManagerFactoryBean.buildNativeEntityManagerFactory(AbstractEntityManagerFactoryBean.java:437)] Initialized JPA EntityManagerFactory for persistence unit 'default'
17:04:52.654 WARN  [main][JpaBaseConfiguration$JpaWebConfiguration.openEntityManagerInViewInterceptor(JpaBaseConfiguration.java:223)] spring.jpa.open-in-view is enabled by default. Therefore, database queries may be performed during view rendering. Explicitly configure spring.jpa.open-in-view to disable this warning
17:04:53.029 INFO  [main][Http11NioProtocol.log(DirectJDKLog.java:173)] Starting ProtocolHandler ["http-nio-8080"]
17:04:53.056 INFO  [main][TomcatWebServer.start(TomcatWebServer.java:220)] Tomcat started on port(s): 8080 (http) with context path ''
17:04:53.067 INFO  [main][QuizApplication.logStarted(StartupInfoLogger.java:61)] Started QuizApplication in 4.853 seconds (JVM running for 5.636)
17:04:55.957 INFO  [http-nio-8080-exec-1][[/].log(DirectJDKLog.java:173)] Initializing Spring DispatcherServlet 'dispatcherServlet'
17:04:55.957 INFO  [http-nio-8080-exec-1][DispatcherServlet.initServletBean(FrameworkServlet.java:525)] Initializing Servlet 'dispatcherServlet'
17:04:55.958 INFO  [http-nio-8080-exec-1][DispatcherServlet.initServletBean(FrameworkServlet.java:547)] Completed initialization in 1 ms
17:08:23.753 WARN  [http-nio-8080-exec-5][DefaultHandlerExceptionResolver.logException(AbstractHandlerExceptionResolver.java:208)] Resolved [org.springframework.http.converter.HttpMessageNotReadableException: JSON parse error: Cannot coerce empty String ("") to element of `java.util.ArrayList<com.example.quiz.entity.Question>` (but could if coercion was enabled using `CoercionConfig`); nested exception is com.fasterxml.jackson.databind.exc.InvalidFormatException: Cannot coerce empty String ("") to element of `java.util.ArrayList<com.example.quiz.entity.Question>` (but could if coercion was enabled using `CoercionConfig`)<EOL> at [Source: (org.springframework.util.StreamUtils$NonClosingInputStream); line: 1, column: 107] (through reference chain: com.example.quiz.vo.QuizReq["question_list"])]
17:09:17.369 WARN  [http-nio-8080-exec-6][DefaultHandlerExceptionResolver.logException(AbstractHandlerExceptionResolver.java:208)] Resolved [org.springframework.http.converter.HttpMessageNotReadableException: JSON parse error: Cannot deserialize value of type `java.lang.String` from Array value (token `JsonToken.START_ARRAY`); nested exception is com.fasterxml.jackson.databind.exc.MismatchedInputException: Cannot deserialize value of type `java.lang.String` from Array value (token `JsonToken.START_ARRAY`)<EOL> at [Source: (org.springframework.util.StreamUtils$NonClosingInputStream); line: 1, column: 172] (through reference chain: com.example.quiz.vo.QuizReq["question_list"]->java.util.ArrayList[0]->com.example.quiz.entity.Question["options"])]
17:10:53.605 WARN  [http-nio-8080-exec-7][DefaultHandlerExceptionResolver.logException(AbstractHandlerExceptionResolver.java:208)] Resolved [org.springframework.http.converter.HttpMessageNotReadableException: JSON parse error: Cannot deserialize value of type `java.lang.String` from Array value (token `JsonToken.START_ARRAY`); nested exception is com.fasterxml.jackson.databind.exc.MismatchedInputException: Cannot deserialize value of type `java.lang.String` from Array value (token `JsonToken.START_ARRAY`)<EOL> at [Source: (org.springframework.util.StreamUtils$NonClosingInputStream); line: 1, column: 172] (through reference chain: com.example.quiz.vo.QuizReq["question_list"]->java.util.ArrayList[0]->com.example.quiz.entity.Question["options"])]
17:13:29.293 WARN  [http-nio-8080-exec-8][DefaultHandlerExceptionResolver.logException(AbstractHandlerExceptionResolver.java:208)] Resolved [org.springframework.http.converter.HttpMessageNotReadableException: JSON parse error: Cannot deserialize value of type `java.lang.String` from Array value (token `JsonToken.START_ARRAY`); nested exception is com.fasterxml.jackson.databind.exc.MismatchedInputException: Cannot deserialize value of type `java.lang.String` from Array value (token `JsonToken.START_ARRAY`)<EOL> at [Source: (org.springframework.util.StreamUtils$NonClosingInputStream); line: 1, column: 172] (through reference chain: com.example.quiz.vo.QuizReq["question_list"]->java.util.ArrayList[0]->com.example.quiz.entity.Question["options"])]
17:13:52.473 WARN  [http-nio-8080-exec-9][DefaultHandlerExceptionResolver.logException(AbstractHandlerExceptionResolver.java:208)] Resolved [org.springframework.http.converter.HttpMessageNotReadableException: JSON parse error: Cannot deserialize value of type `com.example.quiz.entity.Question` from Array value (token `JsonToken.START_ARRAY`); nested exception is com.fasterxml.jackson.databind.exc.MismatchedInputException: Cannot deserialize value of type `com.example.quiz.entity.Question` from Array value (token `JsonToken.START_ARRAY`)<EOL> at [Source: (org.springframework.util.StreamUtils$NonClosingInputStream); line: 1, column: 108] (through reference chain: com.example.quiz.vo.QuizReq["question_list"]->java.util.ArrayList[0])]
17:19:31.387 INFO  [main][QuizApplication.logStarting(StartupInfoLogger.java:55)] Starting QuizApplication using Java 17.0.2 on DESKTOP-B238E7G with PID 15040 (D:\java_pro\quiz\bin\main started by user in D:\java_pro\quiz)
17:19:31.397 INFO  [main][QuizApplication.logStartupProfileInfo(SpringApplication.java:631)] No active profile set, falling back to 1 default profile: "default"
17:19:32.378 INFO  [main][RepositoryConfigurationDelegate.registerRepositoriesIn(RepositoryConfigurationDelegate.java:132)] Bootstrapping Spring Data JPA repositories in DEFAULT mode.
17:19:32.469 INFO  [main][RepositoryConfigurationDelegate.registerRepositoriesIn(RepositoryConfigurationDelegate.java:201)] Finished Spring Data repository scanning in 75 ms. Found 4 JPA repository interfaces.
17:19:33.307 INFO  [main][TomcatWebServer.initialize(TomcatWebServer.java:108)] Tomcat initialized with port(s): 8080 (http)
17:19:33.319 INFO  [main][Http11NioProtocol.log(DirectJDKLog.java:173)] Initializing ProtocolHandler ["http-nio-8080"]
17:19:33.321 INFO  [main][StandardService.log(DirectJDKLog.java:173)] Starting service [Tomcat]
17:19:33.321 INFO  [main][StandardEngine.log(DirectJDKLog.java:173)] Starting Servlet engine: [Apache Tomcat/9.0.80]
17:19:33.453 INFO  [main][[/].log(DirectJDKLog.java:173)] Initializing Spring embedded WebApplicationContext
17:19:33.453 INFO  [main][ServletWebServerApplicationContext.prepareWebApplicationContext(ServletWebServerApplicationContext.java:292)] Root WebApplicationContext: initialization completed in 1923 ms
17:19:33.686 INFO  [main][HikariDataSource.getConnection(HikariDataSource.java:110)] HikariPool-1 - Starting...
17:19:34.043 INFO  [main][HikariDataSource.getConnection(HikariDataSource.java:123)] HikariPool-1 - Start completed.
17:19:34.122 INFO  [main][LogHelper.logPersistenceUnitInformation(LogHelper.java:31)] HHH000204: Processing PersistenceUnitInfo [name: default]
17:19:34.269 INFO  [main][Version.logVersion(Version.java:44)] HHH000412: Hibernate ORM core version 5.6.15.Final
17:19:34.572 INFO  [main][Version.<clinit>(JavaReflectionManager.java:56)] HCANN000001: Hibernate Commons Annotations {5.1.2.Final}
17:19:34.750 INFO  [main][Dialect.<init>(Dialect.java:175)] HHH000400: Using dialect: org.hibernate.dialect.MySQL8Dialect
17:19:35.086 WARN  [main][RootClass.checkCompositeIdentifier(RootClass.java:287)] HHH000038: Composite-id class does not override equals(): com.example.quiz.entity.Question1Id
17:19:35.086 WARN  [main][RootClass.checkCompositeIdentifier(RootClass.java:290)] HHH000039: Composite-id class does not override hashCode(): com.example.quiz.entity.Question1Id
17:19:35.534 INFO  [main][JtaPlatformInitiator.initiateService(JtaPlatformInitiator.java:52)] HHH000490: Using JtaPlatform implementation: [org.hibernate.engine.transaction.jta.platform.internal.NoJtaPlatform]
17:19:35.550 INFO  [main][LocalContainerEntityManagerFactoryBean.buildNativeEntityManagerFactory(AbstractEntityManagerFactoryBean.java:437)] Initialized JPA EntityManagerFactory for persistence unit 'default'
17:19:54.853 WARN  [main][JpaBaseConfiguration$JpaWebConfiguration.openEntityManagerInViewInterceptor(JpaBaseConfiguration.java:223)] spring.jpa.open-in-view is enabled by default. Therefore, database queries may be performed during view rendering. Explicitly configure spring.jpa.open-in-view to disable this warning
17:20:33.901 INFO  [main][Http11NioProtocol.log(DirectJDKLog.java:173)] Starting ProtocolHandler ["http-nio-8080"]
17:20:35.182 INFO  [main][TomcatWebServer.start(TomcatWebServer.java:220)] Tomcat started on port(s): 8080 (http) with context path ''
17:20:43.072 INFO  [main][QuizApplication.logStarted(StartupInfoLogger.java:61)] Started QuizApplication in 72.277 seconds (JVM running for 73.637)
17:20:47.575 INFO  [http-nio-8080-exec-3][[/].log(DirectJDKLog.java:173)] Initializing Spring DispatcherServlet 'dispatcherServlet'
17:20:47.583 INFO  [http-nio-8080-exec-3][DispatcherServlet.initServletBean(FrameworkServlet.java:525)] Initializing Servlet 'dispatcherServlet'
17:20:47.831 INFO  [http-nio-8080-exec-3][DispatcherServlet.initServletBean(FrameworkServlet.java:547)] Completed initialization in 243 ms
17:21:03.611 WARN  [http-nio-8080-exec-3][SessionIdGeneratorBase.log(DirectJDKLog.java:173)] Creation of SecureRandom instance for session ID generation using [SHA1PRNG] took [856] milliseconds.
17:21:03.616 WARN  [http-nio-8080-exec-5][SessionIdGeneratorBase.log(DirectJDKLog.java:173)] Creation of SecureRandom instance for session ID generation using [SHA1PRNG] took [885] milliseconds.
17:21:03.614 WARN  [http-nio-8080-exec-4][SessionIdGeneratorBase.log(DirectJDKLog.java:173)] Creation of SecureRandom instance for session ID generation using [SHA1PRNG] took [871] milliseconds.
17:21:03.634 WARN  [http-nio-8080-exec-6][SessionIdGeneratorBase.log(DirectJDKLog.java:173)] Creation of SecureRandom instance for session ID generation using [SHA1PRNG] took [907] milliseconds.
17:21:03.657 WARN  [http-nio-8080-exec-2][SessionIdGeneratorBase.log(DirectJDKLog.java:173)] Creation of SecureRandom instance for session ID generation using [SHA1PRNG] took [928] milliseconds.
17:21:03.671 WARN  [http-nio-8080-exec-1][SessionIdGeneratorBase.log(DirectJDKLog.java:173)] Creation of SecureRandom instance for session ID generation using [SHA1PRNG] took [947] milliseconds.
17:24:10.392 INFO  [main][QuizApplication.logStarting(StartupInfoLogger.java:55)] Starting QuizApplication using Java 17.0.2 on DESKTOP-B238E7G with PID 10500 (D:\java_pro\quiz\bin\main started by user in D:\java_pro\quiz)
17:24:10.404 INFO  [main][QuizApplication.logStartupProfileInfo(SpringApplication.java:631)] No active profile set, falling back to 1 default profile: "default"
17:24:11.361 INFO  [main][RepositoryConfigurationDelegate.registerRepositoriesIn(RepositoryConfigurationDelegate.java:132)] Bootstrapping Spring Data JPA repositories in DEFAULT mode.
17:24:11.452 INFO  [main][RepositoryConfigurationDelegate.registerRepositoriesIn(RepositoryConfigurationDelegate.java:201)] Finished Spring Data repository scanning in 77 ms. Found 4 JPA repository interfaces.
17:24:12.760 INFO  [main][TomcatWebServer.initialize(TomcatWebServer.java:108)] Tomcat initialized with port(s): 8080 (http)
17:24:12.775 INFO  [main][Http11NioProtocol.log(DirectJDKLog.java:173)] Initializing ProtocolHandler ["http-nio-8080"]
17:24:12.780 INFO  [main][StandardService.log(DirectJDKLog.java:173)] Starting service [Tomcat]
17:24:12.781 INFO  [main][StandardEngine.log(DirectJDKLog.java:173)] Starting Servlet engine: [Apache Tomcat/9.0.80]
17:24:12.952 INFO  [main][[/].log(DirectJDKLog.java:173)] Initializing Spring embedded WebApplicationContext
17:24:12.953 INFO  [main][ServletWebServerApplicationContext.prepareWebApplicationContext(ServletWebServerApplicationContext.java:292)] Root WebApplicationContext: initialization completed in 2452 ms
17:24:13.187 INFO  [main][HikariDataSource.getConnection(HikariDataSource.java:110)] HikariPool-1 - Starting...
17:24:13.465 INFO  [main][HikariDataSource.getConnection(HikariDataSource.java:123)] HikariPool-1 - Start completed.
17:24:13.532 INFO  [main][LogHelper.logPersistenceUnitInformation(LogHelper.java:31)] HHH000204: Processing PersistenceUnitInfo [name: default]
17:24:13.629 INFO  [main][Version.logVersion(Version.java:44)] HHH000412: Hibernate ORM core version 5.6.15.Final
17:24:13.884 INFO  [main][Version.<clinit>(JavaReflectionManager.java:56)] HCANN000001: Hibernate Commons Annotations {5.1.2.Final}
17:24:14.065 INFO  [main][Dialect.<init>(Dialect.java:175)] HHH000400: Using dialect: org.hibernate.dialect.MySQL8Dialect
17:24:14.394 WARN  [main][RootClass.checkCompositeIdentifier(RootClass.java:287)] HHH000038: Composite-id class does not override equals(): com.example.quiz.entity.Question1Id
17:24:14.395 WARN  [main][RootClass.checkCompositeIdentifier(RootClass.java:290)] HHH000039: Composite-id class does not override hashCode(): com.example.quiz.entity.Question1Id
17:24:14.898 INFO  [main][JtaPlatformInitiator.initiateService(JtaPlatformInitiator.java:52)] HHH000490: Using JtaPlatform implementation: [org.hibernate.engine.transaction.jta.platform.internal.NoJtaPlatform]
17:24:14.913 INFO  [main][LocalContainerEntityManagerFactoryBean.buildNativeEntityManagerFactory(AbstractEntityManagerFactoryBean.java:437)] Initialized JPA EntityManagerFactory for persistence unit 'default'
17:24:34.467 WARN  [main][JpaBaseConfiguration$JpaWebConfiguration.openEntityManagerInViewInterceptor(JpaBaseConfiguration.java:223)] spring.jpa.open-in-view is enabled by default. Therefore, database queries may be performed during view rendering. Explicitly configure spring.jpa.open-in-view to disable this warning
17:25:12.113 INFO  [main][Http11NioProtocol.log(DirectJDKLog.java:173)] Starting ProtocolHandler ["http-nio-8080"]
17:25:12.980 INFO  [main][TomcatWebServer.start(TomcatWebServer.java:220)] Tomcat started on port(s): 8080 (http) with context path ''
17:25:15.590 INFO  [main][QuizApplication.logStarted(StartupInfoLogger.java:61)] Started QuizApplication in 65.767 seconds (JVM running for 66.923)
17:25:49.077 INFO  [http-nio-8080-exec-1][[/].log(DirectJDKLog.java:173)] Initializing Spring DispatcherServlet 'dispatcherServlet'
17:25:49.084 INFO  [http-nio-8080-exec-1][DispatcherServlet.initServletBean(FrameworkServlet.java:525)] Initializing Servlet 'dispatcherServlet'
17:25:49.357 INFO  [http-nio-8080-exec-1][DispatcherServlet.initServletBean(FrameworkServlet.java:547)] Completed initialization in 268 ms
17:25:55.746 WARN  [http-nio-8080-exec-1][SessionIdGeneratorBase.log(DirectJDKLog.java:173)] Creation of SecureRandom instance for session ID generation using [SHA1PRNG] took [1,026] milliseconds.
17:26:11.171 INFO  [main][QuizApplication.logStarting(StartupInfoLogger.java:55)] Starting QuizApplication using Java 17.0.2 on DESKTOP-B238E7G with PID 16572 (D:\java_pro\quiz\bin\main started by user in D:\java_pro\quiz)
17:26:11.178 INFO  [main][QuizApplication.logStartupProfileInfo(SpringApplication.java:631)] No active profile set, falling back to 1 default profile: "default"
17:26:12.220 INFO  [main][RepositoryConfigurationDelegate.registerRepositoriesIn(RepositoryConfigurationDelegate.java:132)] Bootstrapping Spring Data JPA repositories in DEFAULT mode.
17:26:12.354 INFO  [main][RepositoryConfigurationDelegate.registerRepositoriesIn(RepositoryConfigurationDelegate.java:201)] Finished Spring Data repository scanning in 98 ms. Found 4 JPA repository interfaces.
17:26:13.130 INFO  [main][TomcatWebServer.initialize(TomcatWebServer.java:108)] Tomcat initialized with port(s): 8080 (http)
17:26:13.139 INFO  [main][Http11NioProtocol.log(DirectJDKLog.java:173)] Initializing ProtocolHandler ["http-nio-8080"]
17:26:13.142 INFO  [main][StandardService.log(DirectJDKLog.java:173)] Starting service [Tomcat]
17:26:13.142 INFO  [main][StandardEngine.log(DirectJDKLog.java:173)] Starting Servlet engine: [Apache Tomcat/9.0.80]
17:26:13.464 INFO  [main][[/].log(DirectJDKLog.java:173)] Initializing Spring embedded WebApplicationContext
17:26:13.464 INFO  [main][ServletWebServerApplicationContext.prepareWebApplicationContext(ServletWebServerApplicationContext.java:292)] Root WebApplicationContext: initialization completed in 2180 ms
17:26:13.672 INFO  [main][HikariDataSource.getConnection(HikariDataSource.java:110)] HikariPool-1 - Starting...
17:26:13.891 INFO  [main][HikariDataSource.getConnection(HikariDataSource.java:123)] HikariPool-1 - Start completed.
17:26:13.959 INFO  [main][LogHelper.logPersistenceUnitInformation(LogHelper.java:31)] HHH000204: Processing PersistenceUnitInfo [name: default]
17:26:14.079 INFO  [main][Version.logVersion(Version.java:44)] HHH000412: Hibernate ORM core version 5.6.15.Final
17:26:14.281 INFO  [main][Version.<clinit>(JavaReflectionManager.java:56)] HCANN000001: Hibernate Commons Annotations {5.1.2.Final}
17:26:14.432 INFO  [main][Dialect.<init>(Dialect.java:175)] HHH000400: Using dialect: org.hibernate.dialect.MySQL8Dialect
17:26:14.735 WARN  [main][RootClass.checkCompositeIdentifier(RootClass.java:287)] HHH000038: Composite-id class does not override equals(): com.example.quiz.entity.Question1Id
17:26:14.736 WARN  [main][RootClass.checkCompositeIdentifier(RootClass.java:290)] HHH000039: Composite-id class does not override hashCode(): com.example.quiz.entity.Question1Id
17:26:15.134 INFO  [main][JtaPlatformInitiator.initiateService(JtaPlatformInitiator.java:52)] HHH000490: Using JtaPlatform implementation: [org.hibernate.engine.transaction.jta.platform.internal.NoJtaPlatform]
17:26:15.152 INFO  [main][LocalContainerEntityManagerFactoryBean.buildNativeEntityManagerFactory(AbstractEntityManagerFactoryBean.java:437)] Initialized JPA EntityManagerFactory for persistence unit 'default'
17:26:15.660 WARN  [main][JpaBaseConfiguration$JpaWebConfiguration.openEntityManagerInViewInterceptor(JpaBaseConfiguration.java:223)] spring.jpa.open-in-view is enabled by default. Therefore, database queries may be performed during view rendering. Explicitly configure spring.jpa.open-in-view to disable this warning
17:26:16.057 INFO  [main][Http11NioProtocol.log(DirectJDKLog.java:173)] Starting ProtocolHandler ["http-nio-8080"]
17:26:16.084 INFO  [main][TomcatWebServer.start(TomcatWebServer.java:220)] Tomcat started on port(s): 8080 (http) with context path ''
17:26:16.093 INFO  [main][QuizApplication.logStarted(StartupInfoLogger.java:61)] Started QuizApplication in 5.571 seconds (JVM running for 6.805)
17:26:24.027 INFO  [http-nio-8080-exec-1][[/].log(DirectJDKLog.java:173)] Initializing Spring DispatcherServlet 'dispatcherServlet'
17:26:24.027 INFO  [http-nio-8080-exec-1][DispatcherServlet.initServletBean(FrameworkServlet.java:525)] Initializing Servlet 'dispatcherServlet'
17:26:24.028 INFO  [http-nio-8080-exec-1][DispatcherServlet.initServletBean(FrameworkServlet.java:547)] Completed initialization in 1 ms
17:37:59.573 WARN  [http-nio-8080-exec-10][DefaultHandlerExceptionResolver.logException(AbstractHandlerExceptionResolver.java:208)] Resolved [org.springframework.http.converter.HttpMessageNotReadableException: JSON parse error: Cannot deserialize value of type `java.lang.String` from Array value (token `JsonToken.START_ARRAY`); nested exception is com.fasterxml.jackson.databind.exc.MismatchedInputException: Cannot deserialize value of type `java.lang.String` from Array value (token `JsonToken.START_ARRAY`)<EOL> at [Source: (org.springframework.util.StreamUtils$NonClosingInputStream); line: 1, column: 196] (through reference chain: com.example.quiz.vo.QuizReq["question_list"]->java.util.ArrayList[0]->com.example.quiz.entity.Question["options"])]
17:39:53.504 WARN  [http-nio-8080-exec-2][DefaultHandlerExceptionResolver.logException(AbstractHandlerExceptionResolver.java:208)] Resolved [org.springframework.http.converter.HttpMessageNotReadableException: JSON parse error: Cannot deserialize value of type `java.lang.String` from Array value (token `JsonToken.START_ARRAY`); nested exception is com.fasterxml.jackson.databind.exc.MismatchedInputException: Cannot deserialize value of type `java.lang.String` from Array value (token `JsonToken.START_ARRAY`)<EOL> at [Source: (org.springframework.util.StreamUtils$NonClosingInputStream); line: 1, column: 196] (through reference chain: com.example.quiz.vo.QuizReq["question_list"]->java.util.ArrayList[0]->com.example.quiz.entity.Question["options"])]
17:44:47.105 WARN  [http-nio-8080-exec-1][DefaultHandlerExceptionResolver.logException(AbstractHandlerExceptionResolver.java:208)] Resolved [org.springframework.http.converter.HttpMessageNotReadableException: JSON parse error: Cannot deserialize value of type `java.lang.String` from Array value (token `JsonToken.START_ARRAY`); nested exception is com.fasterxml.jackson.databind.exc.MismatchedInputException: Cannot deserialize value of type `java.lang.String` from Array value (token `JsonToken.START_ARRAY`)<EOL> at [Source: (org.springframework.util.StreamUtils$NonClosingInputStream); line: 1, column: 196] (through reference chain: com.example.quiz.vo.QuizReq["question_list"]->java.util.ArrayList[0]->com.example.quiz.entity.Question["options"])]
17:50:12.702 INFO  [main][QuizApplication.logStarting(StartupInfoLogger.java:55)] Starting QuizApplication using Java 17.0.2 on DESKTOP-B238E7G with PID 3424 (D:\java_pro\quiz\bin\main started by user in D:\java_pro\quiz)
17:50:12.714 INFO  [main][QuizApplication.logStartupProfileInfo(SpringApplication.java:631)] No active profile set, falling back to 1 default profile: "default"
17:50:13.870 INFO  [main][RepositoryConfigurationDelegate.registerRepositoriesIn(RepositoryConfigurationDelegate.java:132)] Bootstrapping Spring Data JPA repositories in DEFAULT mode.
17:50:13.971 INFO  [main][RepositoryConfigurationDelegate.registerRepositoriesIn(RepositoryConfigurationDelegate.java:201)] Finished Spring Data repository scanning in 80 ms. Found 4 JPA repository interfaces.
17:50:14.748 INFO  [main][TomcatWebServer.initialize(TomcatWebServer.java:108)] Tomcat initialized with port(s): 8080 (http)
17:50:14.759 INFO  [main][Http11NioProtocol.log(DirectJDKLog.java:173)] Initializing ProtocolHandler ["http-nio-8080"]
17:50:14.761 INFO  [main][StandardService.log(DirectJDKLog.java:173)] Starting service [Tomcat]
17:50:14.762 INFO  [main][StandardEngine.log(DirectJDKLog.java:173)] Starting Servlet engine: [Apache Tomcat/9.0.80]
17:50:14.891 INFO  [main][[/].log(DirectJDKLog.java:173)] Initializing Spring embedded WebApplicationContext
17:50:14.897 INFO  [main][ServletWebServerApplicationContext.prepareWebApplicationContext(ServletWebServerApplicationContext.java:292)] Root WebApplicationContext: initialization completed in 2061 ms
17:50:15.131 INFO  [main][HikariDataSource.getConnection(HikariDataSource.java:110)] HikariPool-1 - Starting...
17:50:15.384 INFO  [main][HikariDataSource.getConnection(HikariDataSource.java:123)] HikariPool-1 - Start completed.
17:50:15.452 INFO  [main][LogHelper.logPersistenceUnitInformation(LogHelper.java:31)] HHH000204: Processing PersistenceUnitInfo [name: default]
17:50:15.535 INFO  [main][Version.logVersion(Version.java:44)] HHH000412: Hibernate ORM core version 5.6.15.Final
17:50:15.796 INFO  [main][Version.<clinit>(JavaReflectionManager.java:56)] HCANN000001: Hibernate Commons Annotations {5.1.2.Final}
17:50:15.969 INFO  [main][Dialect.<init>(Dialect.java:175)] HHH000400: Using dialect: org.hibernate.dialect.MySQL8Dialect
17:50:16.305 WARN  [main][RootClass.checkCompositeIdentifier(RootClass.java:287)] HHH000038: Composite-id class does not override equals(): com.example.quiz.entity.Question1Id
17:50:16.306 WARN  [main][RootClass.checkCompositeIdentifier(RootClass.java:290)] HHH000039: Composite-id class does not override hashCode(): com.example.quiz.entity.Question1Id
17:50:16.855 INFO  [main][JtaPlatformInitiator.initiateService(JtaPlatformInitiator.java:52)] HHH000490: Using JtaPlatform implementation: [org.hibernate.engine.transaction.jta.platform.internal.NoJtaPlatform]
17:50:16.871 INFO  [main][LocalContainerEntityManagerFactoryBean.buildNativeEntityManagerFactory(AbstractEntityManagerFactoryBean.java:437)] Initialized JPA EntityManagerFactory for persistence unit 'default'
17:50:34.991 WARN  [main][JpaBaseConfiguration$JpaWebConfiguration.openEntityManagerInViewInterceptor(JpaBaseConfiguration.java:223)] spring.jpa.open-in-view is enabled by default. Therefore, database queries may be performed during view rendering. Explicitly configure spring.jpa.open-in-view to disable this warning
17:51:08.688 INFO  [main][Http11NioProtocol.log(DirectJDKLog.java:173)] Starting ProtocolHandler ["http-nio-8080"]
17:51:09.562 INFO  [main][TomcatWebServer.start(TomcatWebServer.java:220)] Tomcat started on port(s): 8080 (http) with context path ''
17:51:10.626 INFO  [main][QuizApplication.logStarted(StartupInfoLogger.java:61)] Started QuizApplication in 58.515 seconds (JVM running for 59.874)
17:52:27.146 INFO  [http-nio-8080-exec-1][[/].log(DirectJDKLog.java:173)] Initializing Spring DispatcherServlet 'dispatcherServlet'
17:52:27.156 INFO  [http-nio-8080-exec-1][DispatcherServlet.initServletBean(FrameworkServlet.java:525)] Initializing Servlet 'dispatcherServlet'
17:52:27.389 INFO  [http-nio-8080-exec-1][DispatcherServlet.initServletBean(FrameworkServlet.java:547)] Completed initialization in 227 ms
17:52:39.130 WARN  [http-nio-8080-exec-2][SessionIdGeneratorBase.log(DirectJDKLog.java:173)] Creation of SecureRandom instance for session ID generation using [SHA1PRNG] took [1,060] milliseconds.
17:52:39.111 WARN  [http-nio-8080-exec-1][SessionIdGeneratorBase.log(DirectJDKLog.java:173)] Creation of SecureRandom instance for session ID generation using [SHA1PRNG] took [1,034] milliseconds.
17:52:39.108 WARN  [http-nio-8080-exec-3][SessionIdGeneratorBase.log(DirectJDKLog.java:173)] Creation of SecureRandom instance for session ID generation using [SHA1PRNG] took [1,020] milliseconds.
17:52:39.122 WARN  [http-nio-8080-exec-5][SessionIdGeneratorBase.log(DirectJDKLog.java:173)] Creation of SecureRandom instance for session ID generation using [SHA1PRNG] took [1,047] milliseconds.
17:57:15.891 INFO  [main][QuizApplication.logStarting(StartupInfoLogger.java:55)] Starting QuizApplication using Java 17.0.2 on DESKTOP-B238E7G with PID 12032 (D:\java_pro\quiz\bin\main started by user in D:\java_pro\quiz)
17:57:15.901 INFO  [main][QuizApplication.logStartupProfileInfo(SpringApplication.java:631)] No active profile set, falling back to 1 default profile: "default"
17:57:16.981 INFO  [main][RepositoryConfigurationDelegate.registerRepositoriesIn(RepositoryConfigurationDelegate.java:132)] Bootstrapping Spring Data JPA repositories in DEFAULT mode.
17:57:17.091 INFO  [main][RepositoryConfigurationDelegate.registerRepositoriesIn(RepositoryConfigurationDelegate.java:201)] Finished Spring Data repository scanning in 88 ms. Found 4 JPA repository interfaces.
17:57:17.960 INFO  [main][TomcatWebServer.initialize(TomcatWebServer.java:108)] Tomcat initialized with port(s): 8080 (http)
17:57:17.972 INFO  [main][Http11NioProtocol.log(DirectJDKLog.java:173)] Initializing ProtocolHandler ["http-nio-8080"]
17:57:17.974 INFO  [main][StandardService.log(DirectJDKLog.java:173)] Starting service [Tomcat]
17:57:17.975 INFO  [main][StandardEngine.log(DirectJDKLog.java:173)] Starting Servlet engine: [Apache Tomcat/9.0.80]
17:57:18.137 INFO  [main][[/].log(DirectJDKLog.java:173)] Initializing Spring embedded WebApplicationContext
17:57:18.138 INFO  [main][ServletWebServerApplicationContext.prepareWebApplicationContext(ServletWebServerApplicationContext.java:292)] Root WebApplicationContext: initialization completed in 2124 ms
17:57:18.351 INFO  [main][HikariDataSource.getConnection(HikariDataSource.java:110)] HikariPool-1 - Starting...
17:57:18.573 INFO  [main][HikariDataSource.getConnection(HikariDataSource.java:123)] HikariPool-1 - Start completed.
17:57:18.655 INFO  [main][LogHelper.logPersistenceUnitInformation(LogHelper.java:31)] HHH000204: Processing PersistenceUnitInfo [name: default]
17:57:18.758 INFO  [main][Version.logVersion(Version.java:44)] HHH000412: Hibernate ORM core version 5.6.15.Final
17:57:18.980 INFO  [main][Version.<clinit>(JavaReflectionManager.java:56)] HCANN000001: Hibernate Commons Annotations {5.1.2.Final}
17:57:19.144 INFO  [main][Dialect.<init>(Dialect.java:175)] HHH000400: Using dialect: org.hibernate.dialect.MySQL8Dialect
17:57:19.439 WARN  [main][RootClass.checkCompositeIdentifier(RootClass.java:287)] HHH000038: Composite-id class does not override equals(): com.example.quiz.entity.Question1Id
17:57:19.440 WARN  [main][RootClass.checkCompositeIdentifier(RootClass.java:290)] HHH000039: Composite-id class does not override hashCode(): com.example.quiz.entity.Question1Id
17:57:19.842 INFO  [main][JtaPlatformInitiator.initiateService(JtaPlatformInitiator.java:52)] HHH000490: Using JtaPlatform implementation: [org.hibernate.engine.transaction.jta.platform.internal.NoJtaPlatform]
17:57:19.856 INFO  [main][LocalContainerEntityManagerFactoryBean.buildNativeEntityManagerFactory(AbstractEntityManagerFactoryBean.java:437)] Initialized JPA EntityManagerFactory for persistence unit 'default'
17:57:20.753 WARN  [main][JpaBaseConfiguration$JpaWebConfiguration.openEntityManagerInViewInterceptor(JpaBaseConfiguration.java:223)] spring.jpa.open-in-view is enabled by default. Therefore, database queries may be performed during view rendering. Explicitly configure spring.jpa.open-in-view to disable this warning
17:57:21.363 INFO  [main][Http11NioProtocol.log(DirectJDKLog.java:173)] Starting ProtocolHandler ["http-nio-8080"]
17:57:21.388 INFO  [main][TomcatWebServer.start(TomcatWebServer.java:220)] Tomcat started on port(s): 8080 (http) with context path ''
17:57:21.398 INFO  [main][QuizApplication.logStarted(StartupInfoLogger.java:61)] Started QuizApplication in 6.042 seconds (JVM running for 6.86)
17:57:23.079 INFO  [http-nio-8080-exec-1][[/].log(DirectJDKLog.java:173)] Initializing Spring DispatcherServlet 'dispatcherServlet'
17:57:23.079 INFO  [http-nio-8080-exec-1][DispatcherServlet.initServletBean(FrameworkServlet.java:525)] Initializing Servlet 'dispatcherServlet'
17:57:23.080 INFO  [http-nio-8080-exec-1][DispatcherServlet.initServletBean(FrameworkServlet.java:547)] Completed initialization in 1 ms
18:06:53.244 INFO  [main][QuizApplication.logStarting(StartupInfoLogger.java:55)] Starting QuizApplication using Java 17.0.2 on DESKTOP-B238E7G with PID 9572 (D:\java_pro\quiz\bin\main started by user in D:\java_pro\quiz)
18:06:53.253 INFO  [main][QuizApplication.logStartupProfileInfo(SpringApplication.java:631)] No active profile set, falling back to 1 default profile: "default"
18:06:54.208 INFO  [main][RepositoryConfigurationDelegate.registerRepositoriesIn(RepositoryConfigurationDelegate.java:132)] Bootstrapping Spring Data JPA repositories in DEFAULT mode.
18:06:54.299 INFO  [main][RepositoryConfigurationDelegate.registerRepositoriesIn(RepositoryConfigurationDelegate.java:201)] Finished Spring Data repository scanning in 75 ms. Found 4 JPA repository interfaces.
18:06:55.249 INFO  [main][TomcatWebServer.initialize(TomcatWebServer.java:108)] Tomcat initialized with port(s): 8080 (http)
18:06:55.261 INFO  [main][Http11NioProtocol.log(DirectJDKLog.java:173)] Initializing ProtocolHandler ["http-nio-8080"]
18:06:55.263 INFO  [main][StandardService.log(DirectJDKLog.java:173)] Starting service [Tomcat]
18:06:55.264 INFO  [main][StandardEngine.log(DirectJDKLog.java:173)] Starting Servlet engine: [Apache Tomcat/9.0.80]
18:06:55.424 INFO  [main][[/].log(DirectJDKLog.java:173)] Initializing Spring embedded WebApplicationContext
18:06:55.425 INFO  [main][ServletWebServerApplicationContext.prepareWebApplicationContext(ServletWebServerApplicationContext.java:292)] Root WebApplicationContext: initialization completed in 2095 ms
18:06:55.654 INFO  [main][HikariDataSource.getConnection(HikariDataSource.java:110)] HikariPool-1 - Starting...
18:06:55.889 INFO  [main][HikariDataSource.getConnection(HikariDataSource.java:123)] HikariPool-1 - Start completed.
18:06:55.963 INFO  [main][LogHelper.logPersistenceUnitInformation(LogHelper.java:31)] HHH000204: Processing PersistenceUnitInfo [name: default]
18:06:56.060 INFO  [main][Version.logVersion(Version.java:44)] HHH000412: Hibernate ORM core version 5.6.15.Final
18:06:56.292 INFO  [main][Version.<clinit>(JavaReflectionManager.java:56)] HCANN000001: Hibernate Commons Annotations {5.1.2.Final}
18:06:56.452 INFO  [main][Dialect.<init>(Dialect.java:175)] HHH000400: Using dialect: org.hibernate.dialect.MySQL8Dialect
18:06:56.753 WARN  [main][RootClass.checkCompositeIdentifier(RootClass.java:287)] HHH000038: Composite-id class does not override equals(): com.example.quiz.entity.Question1Id
18:06:56.754 WARN  [main][RootClass.checkCompositeIdentifier(RootClass.java:290)] HHH000039: Composite-id class does not override hashCode(): com.example.quiz.entity.Question1Id
18:06:57.165 INFO  [main][JtaPlatformInitiator.initiateService(JtaPlatformInitiator.java:52)] HHH000490: Using JtaPlatform implementation: [org.hibernate.engine.transaction.jta.platform.internal.NoJtaPlatform]
18:06:57.177 INFO  [main][LocalContainerEntityManagerFactoryBean.buildNativeEntityManagerFactory(AbstractEntityManagerFactoryBean.java:437)] Initialized JPA EntityManagerFactory for persistence unit 'default'
18:06:57.697 WARN  [main][JpaBaseConfiguration$JpaWebConfiguration.openEntityManagerInViewInterceptor(JpaBaseConfiguration.java:223)] spring.jpa.open-in-view is enabled by default. Therefore, database queries may be performed during view rendering. Explicitly configure spring.jpa.open-in-view to disable this warning
18:06:58.083 INFO  [main][Http11NioProtocol.log(DirectJDKLog.java:173)] Starting ProtocolHandler ["http-nio-8080"]
18:06:58.108 INFO  [main][TomcatWebServer.start(TomcatWebServer.java:220)] Tomcat started on port(s): 8080 (http) with context path ''
18:06:58.117 INFO  [main][QuizApplication.logStarted(StartupInfoLogger.java:61)] Started QuizApplication in 5.426 seconds (JVM running for 6.233)
18:07:01.159 INFO  [http-nio-8080-exec-1][[/].log(DirectJDKLog.java:173)] Initializing Spring DispatcherServlet 'dispatcherServlet'
18:07:01.159 INFO  [http-nio-8080-exec-1][DispatcherServlet.initServletBean(FrameworkServlet.java:525)] Initializing Servlet 'dispatcherServlet'
18:07:01.160 INFO  [http-nio-8080-exec-1][DispatcherServlet.initServletBean(FrameworkServlet.java:547)] Completed initialization in 1 ms
